-------------------------------------------------------------------------------
Test set: com.aiite.runnerpackage.TestRunner
-------------------------------------------------------------------------------
Tests run: 3, Failures: 0, Errors: 3, Skipped: 0, Time elapsed: 12.41 s <<< FAILURE! -- in com.aiite.runnerpackage.TestRunner
This feature is to test login page scenarios.This scenario is to test login with valid credential #1 -- Time elapsed: 5.151 s <<< ERROR!
io.cucumber.junit.UndefinedStepException: 
The step 'Validate the user is logged in "Chennai".' is undefined.
You can implement this step using the snippet(s) below:

@Then("Validate the user is logged in {string}.")
public void validate_the_user_is_logged_in(String string) {
    // Write code here that turns the phrase above into concrete actions
    throw new io.cucumber.java.PendingException();
}


This feature is to test login page scenarios.This scenario is to test login with valid credential #2 -- Time elapsed: 3.093 s <<< ERROR!
io.cucumber.junit.UndefinedStepException: 
The step 'Validate the user is logged in "London".' is undefined.
You can implement this step using the snippet(s) below:

@Then("Validate the user is logged in {string}.")
public void validate_the_user_is_logged_in(String string) {
    // Write code here that turns the phrase above into concrete actions
    throw new io.cucumber.java.PendingException();
}


This feature is to test login page scenarios.This scenario is to test login with valid credential #3 -- Time elapsed: 3.082 s <<< ERROR!
io.cucumber.junit.UndefinedStepException: 
The step 'Validate the user is logged in "New York".' is undefined.
You can implement this step using the snippet(s) below:

@Then("Validate the user is logged in {string}.")
public void validate_the_user_is_logged_in(String string) {
    // Write code here that turns the phrase above into concrete actions
    throw new io.cucumber.java.PendingException();
}


